0 info it worked if it ends with ok
1 verbose cli [ 'D:\\Node\\node.exe',
1 verbose cli   'D:\\Node\\node_modules\\npm\\bin\\npm-cli.js',
1 verbose cli   'run',
1 verbose cli   'deploy' ]
2 info using npm@3.10.9
3 info using node@v6.9.2
4 verbose run-script [ 'predeploy', 'deploy', 'postdeploy' ]
5 info lifecycle countdownChamp@0.1.0~predeploy: countdownChamp@0.1.0
6 verbose lifecycle countdownChamp@0.1.0~predeploy: unsafe-perm in lifecycle true
7 verbose lifecycle countdownChamp@0.1.0~predeploy: PATH: D:\Node\node_modules\npm\bin\node-gyp-bin;C:\Users\shiha\Desktop\coding\javascript\react\countdownChamp\node_modules\.bin;C:\Program Files (x86)\Common Files\Intel\Shared Libraries\redist\ia32\mpirt;C:\Program Files (x86)\Common Files\Intel\Shared Libraries\redist\ia32\compiler;C:\ProgramData\Oracle\Java\javapath;C:\Program Files (x86)\Intel\iCLS Client\;C:\Program Files\Intel\iCLS Client\;C:\Program Files (x86)\Lenovo\FusionEngine;C:\Windows\system32;C:\Windows;C:\Windows\System32\Wbem;C:\Windows\System32\WindowsPowerShell\v1.0\;C:\Program Files (x86)\Intel\Intel(R) Management Engine Components\DAL;C:\Program Files\Intel\Intel(R) Management Engine Components\DAL;C:\Program Files (x86)\Intel\Intel(R) Management Engine Components\IPT;C:\Program Files\Intel\Intel(R) Management Engine Components\IPT;C:\Program Files\Intel\WiFi\bin\;C:\Program Files\Common Files\Intel\WirelessCommon\;C:\WINDOWS\system32;C:\WINDOWS;C:\WINDOWS\System32\Wbem;C:\WINDOWS\System32\WindowsPowerShell\v1.0\;D:\Node\;C:\Program Files (x86)\GtkSharp\2.12\bin;C:\Users\shiha\Anaconda3;C:\Users\shiha\Anaconda3\Scripts;C:\Users\shiha\Anaconda3\Library\bin;C:\Users\shiha\AppData\Local\Programs\Python\Python35-32\Scripts\;C:\Users\shiha\AppData\Local\Programs\Python\Python35-32\;C:\Users\shiha\AppData\Local\Microsoft\WindowsApps;C:\Users\shiha\AppData\Roaming\npm
8 verbose lifecycle countdownChamp@0.1.0~predeploy: CWD: C:\Users\shiha\Desktop\coding\javascript\react\countdownChamp
9 silly lifecycle countdownChamp@0.1.0~predeploy: Args: [ '/d /s /c', 'npm run build' ]
10 silly lifecycle countdownChamp@0.1.0~predeploy: Returned: code: 0  signal: null
11 info lifecycle countdownChamp@0.1.0~deploy: countdownChamp@0.1.0
12 verbose lifecycle countdownChamp@0.1.0~deploy: unsafe-perm in lifecycle true
13 verbose lifecycle countdownChamp@0.1.0~deploy: PATH: D:\Node\node_modules\npm\bin\node-gyp-bin;C:\Users\shiha\Desktop\coding\javascript\react\countdownChamp\node_modules\.bin;C:\Program Files (x86)\Common Files\Intel\Shared Libraries\redist\ia32\mpirt;C:\Program Files (x86)\Common Files\Intel\Shared Libraries\redist\ia32\compiler;C:\ProgramData\Oracle\Java\javapath;C:\Program Files (x86)\Intel\iCLS Client\;C:\Program Files\Intel\iCLS Client\;C:\Program Files (x86)\Lenovo\FusionEngine;C:\Windows\system32;C:\Windows;C:\Windows\System32\Wbem;C:\Windows\System32\WindowsPowerShell\v1.0\;C:\Program Files (x86)\Intel\Intel(R) Management Engine Components\DAL;C:\Program Files\Intel\Intel(R) Management Engine Components\DAL;C:\Program Files (x86)\Intel\Intel(R) Management Engine Components\IPT;C:\Program Files\Intel\Intel(R) Management Engine Components\IPT;C:\Program Files\Intel\WiFi\bin\;C:\Program Files\Common Files\Intel\WirelessCommon\;C:\WINDOWS\system32;C:\WINDOWS;C:\WINDOWS\System32\Wbem;C:\WINDOWS\System32\WindowsPowerShell\v1.0\;D:\Node\;C:\Program Files (x86)\GtkSharp\2.12\bin;C:\Users\shiha\Anaconda3;C:\Users\shiha\Anaconda3\Scripts;C:\Users\shiha\Anaconda3\Library\bin;C:\Users\shiha\AppData\Local\Programs\Python\Python35-32\Scripts\;C:\Users\shiha\AppData\Local\Programs\Python\Python35-32\;C:\Users\shiha\AppData\Local\Microsoft\WindowsApps;C:\Users\shiha\AppData\Roaming\npm
14 verbose lifecycle countdownChamp@0.1.0~deploy: CWD: C:\Users\shiha\Desktop\coding\javascript\react\countdownChamp
15 silly lifecycle countdownChamp@0.1.0~deploy: Args: [ '/d /s /c', 'gh-pages -d build' ]
16 silly lifecycle countdownChamp@0.1.0~deploy: Returned: code: 1  signal: null
17 info lifecycle countdownChamp@0.1.0~deploy: Failed to exec deploy script
18 verbose stack Error: countdownChamp@0.1.0 deploy: `gh-pages -d build`
18 verbose stack Exit status 1
18 verbose stack     at EventEmitter.<anonymous> (D:\Node\node_modules\npm\lib\utils\lifecycle.js:255:16)
18 verbose stack     at emitTwo (events.js:106:13)
18 verbose stack     at EventEmitter.emit (events.js:191:7)
18 verbose stack     at ChildProcess.<anonymous> (D:\Node\node_modules\npm\lib\utils\spawn.js:40:14)
18 verbose stack     at emitTwo (events.js:106:13)
18 verbose stack     at ChildProcess.emit (events.js:191:7)
18 verbose stack     at maybeClose (internal/child_process.js:877:16)
18 verbose stack     at Process.ChildProcess._handle.onexit (internal/child_process.js:226:5)
19 verbose pkgid countdownChamp@0.1.0
20 verbose cwd C:\Users\shiha\Desktop\coding\javascript\react\countdownChamp
21 error Windows_NT 10.0.14393
22 error argv "D:\\Node\\node.exe" "D:\\Node\\node_modules\\npm\\bin\\npm-cli.js" "run" "deploy"
23 error node v6.9.2
24 error npm  v3.10.9
25 error code ELIFECYCLE
26 error countdownChamp@0.1.0 deploy: `gh-pages -d build`
26 error Exit status 1
27 error Failed at the countdownChamp@0.1.0 deploy script 'gh-pages -d build'.
27 error Make sure you have the latest version of node.js and npm installed.
27 error If you do, this is most likely a problem with the countdownChamp package,
27 error not with npm itself.
27 error Tell the author that this fails on your system:
27 error     gh-pages -d build
27 error You can get information on how to open an issue for this project with:
27 error     npm bugs countdownChamp
27 error Or if that isn't available, you can get their info via:
27 error     npm owner ls countdownChamp
27 error There is likely additional logging output above.
28 verbose exit [ 1, true ]
